<?xml version="1.0" encoding="UTF-8"?>
<!-- Generated by org.testng.reporters.JUnitReportReporter -->
<testsuite hostname="LAPTOP-M4F5RFH6" failures="0" tests="1" name="testcases.Test_User_Role" time="2.393" errors="0" timestamp="2024-11-02T20:46:31 IST" skipped="0">
  <testcase classname="testcases.Test_User_Role" name="userRole" time="2.393"/>
</testsuite> <!-- testcases.Test_User_Role -->
