<?xml version="1.0" encoding="UTF-8"?>
<!-- Generated by org.testng.reporters.JUnitReportReporter -->
<testsuite hostname="LAPTOP-M4F5RFH6" failures="0" tests="1" name="TestNGTest.Test_User_Role" time="2.261" errors="0" timestamp="2024-11-02T20:48:09 IST" skipped="0">
  <testcase classname="TestNGTest.Test_User_Role" name="userRole" time="2.261"/>
</testsuite> <!-- TestNGTest.Test_User_Role -->
